10-11-2018 17:12:29 INFO  UserData:27 - Created app.UserData instance with locale:ru_RU and local time: 17!
10-11-2018 17:12:29 INFO  Greetings:54 - Validating locale is started..
10-11-2018 17:12:29 INFO  Greetings:41 - Loading message for day greeting!
10-11-2018 17:12:57 INFO  UserData:27 - Created app.UserData instance with locale:ru_RU and local time: 17!
10-11-2018 17:12:57 INFO  Greetings:54 - Validating locale is started..
10-11-2018 17:12:57 INFO  Greetings:38 - Loading message for morning greeting!
10-11-2018 17:12:57 INFO  UserData:27 - Created app.UserData instance with locale:ru_RU and local time: 17!
10-11-2018 17:12:57 INFO  Greetings:54 - Validating locale is started..
10-11-2018 17:12:57 INFO  Greetings:47 - Loading message for night greeting!
10-11-2018 17:12:57 INFO  UserData:27 - Created app.UserData instance with locale:ru_RU and local time: 17!
10-11-2018 17:12:57 INFO  Greetings:54 - Validating locale is started..
10-11-2018 17:12:57 INFO  Greetings:44 - Loading message for evening greeting!
10-11-2018 17:12:57 INFO  UserData:27 - Created app.UserData instance with locale:ru_RU and local time: 17!
10-11-2018 17:12:57 INFO  UserData:27 - Created app.UserData instance with locale:ru_RU and local time: 17!
10-11-2018 17:12:57 INFO  Greetings:54 - Validating locale is started..
10-11-2018 17:12:57 INFO  Greetings:41 - Loading message for day greeting!
10-11-2018 17:12:57 INFO  UserData:27 - Created app.UserData instance with locale:ru_RU and local time: 17!
10-11-2018 17:12:57 INFO  Greetings:54 - Validating locale is started..
10-11-2018 17:12:57 INFO  Greetings:47 - Loading message for night greeting!
10-11-2018 17:12:57 INFO  UserData:27 - Created app.UserData instance with locale:ru_RU and local time: 17!
10-11-2018 17:12:57 INFO  UserData:27 - Created app.UserData instance with locale:ru_RU and local time: 17!
10-11-2018 17:12:57 INFO  Greetings:54 - Validating locale is started..
10-11-2018 17:12:57 INFO  Greetings:54 - Validating locale is started..
10-11-2018 17:12:57 INFO  UserData:27 - Created app.UserData instance with locale:ru_RU and local time: 17!
10-11-2018 17:12:57 INFO  Greetings:54 - Validating locale is started..
10-11-2018 17:12:57 INFO  Greetings:41 - Loading message for day greeting!
10-11-2018 17:12:57 INFO  UserData:27 - Created app.UserData instance with locale:ru_RU and local time: 17!
10-11-2018 17:12:57 INFO  Greetings:54 - Validating locale is started..
10-11-2018 17:12:57 INFO  UserData:27 - Created app.UserData instance with locale:ru_RU and local time: 17!
10-11-2018 17:12:57 INFO  Greetings:54 - Validating locale is started..
10-11-2018 17:16:16 INFO  UserData:27 - Created app.UserData instance with locale:ru_RU and local time: 17!
10-11-2018 17:16:16 INFO  Greetings:54 - Validating locale is started..
10-11-2018 17:16:16 INFO  Greetings:47 - Loading message for night greeting!
10-11-2018 17:18:46 INFO  UserData:27 - Created app.UserData instance with locale:ru_RU and local time: 17!
10-11-2018 17:18:46 INFO  Greetings:54 - Validating locale is started..
10-11-2018 17:18:46 INFO  Greetings:47 - Loading message for night greeting!
10-11-2018 17:18:46 INFO  UserData:27 - Created app.UserData instance with locale:ru_RU and local time: 17!
10-11-2018 17:18:46 INFO  Greetings:54 - Validating locale is started..
10-11-2018 17:18:46 INFO  Greetings:41 - Loading message for day greeting!
10-11-2018 17:18:46 INFO  UserData:27 - Created app.UserData instance with locale:ru_RU and local time: 17!
10-11-2018 17:18:46 INFO  UserData:27 - Created app.UserData instance with locale:ru_RU and local time: 17!
10-11-2018 17:18:46 INFO  Greetings:54 - Validating locale is started..
10-11-2018 17:18:46 INFO  Greetings:54 - Validating locale is started..
10-11-2018 17:18:46 INFO  UserData:27 - Created app.UserData instance with locale:ru_RU and local time: 17!
10-11-2018 17:18:46 INFO  Greetings:54 - Validating locale is started..
10-11-2018 17:18:46 INFO  Greetings:38 - Loading message for morning greeting!
10-11-2018 17:18:46 INFO  UserData:27 - Created app.UserData instance with locale:ru_RU and local time: 17!
10-11-2018 17:18:46 INFO  UserData:27 - Created app.UserData instance with locale:ru_RU and local time: 17!
10-11-2018 17:18:46 INFO  Greetings:54 - Validating locale is started..
10-11-2018 17:18:46 INFO  Greetings:44 - Loading message for evening greeting!
10-11-2018 17:18:46 INFO  UserData:27 - Created app.UserData instance with locale:ru_RU and local time: 17!
10-11-2018 17:18:46 INFO  Greetings:54 - Validating locale is started..
10-11-2018 17:18:46 INFO  Greetings:41 - Loading message for day greeting!
10-11-2018 17:18:46 INFO  UserData:27 - Created app.UserData instance with locale:ru_RU and local time: 17!
10-11-2018 17:18:46 INFO  Greetings:54 - Validating locale is started..
10-11-2018 17:20:01 INFO  UserData:27 - Created app.UserData instance with locale:ru_RU and local time: 17!
10-11-2018 17:20:01 INFO  UserData:27 - Created app.UserData instance with locale:ru_RU and local time: 17!
10-11-2018 17:20:01 INFO  UserData:27 - Created app.UserData instance with locale:ru_RU and local time: 17!
10-11-2018 17:20:24 INFO  UserData:27 - Created app.UserData instance with locale:ru_RU and local time: 17!
10-11-2018 17:21:14 INFO  UserData:27 - Created app.UserData instance with locale:ru_RU and local time: 17!
10-11-2018 17:21:14 INFO  Greetings:54 - Validating locale is started..
10-11-2018 17:21:42 INFO  UserData:27 - Created app.UserData instance with locale:ru_RU and local time: 17!
10-11-2018 17:21:42 INFO  Greetings:54 - Validating locale is started..
10-11-2018 17:21:47 INFO  UserData:27 - Created app.UserData instance with locale:ru_RU and local time: 17!
10-11-2018 17:21:47 INFO  Greetings:54 - Validating locale is started..
10-11-2018 17:21:47 INFO  Greetings:47 - Loading message for night greeting!
10-11-2018 17:23:40 INFO  UserData:27 - Created app.UserData instance with locale:ru_RU and local time: 17!
10-11-2018 17:23:40 INFO  Greetings:54 - Validating locale is started..
10-11-2018 17:23:40 INFO  Greetings:47 - Loading message for night greeting!
10-11-2018 17:23:40 INFO  UserData:27 - Created app.UserData instance with locale:ru_RU and local time: 17!
10-11-2018 17:23:40 INFO  Greetings:54 - Validating locale is started..
10-11-2018 17:23:40 INFO  Greetings:41 - Loading message for day greeting!
10-11-2018 17:23:40 INFO  UserData:27 - Created app.UserData instance with locale:ru_RU and local time: 17!
10-11-2018 17:23:40 INFO  UserData:27 - Created app.UserData instance with locale:ru_RU and local time: 17!
10-11-2018 17:23:40 INFO  Greetings:54 - Validating locale is started..
10-11-2018 17:23:40 INFO  Greetings:54 - Validating locale is started..
10-11-2018 17:23:40 INFO  UserData:27 - Created app.UserData instance with locale:ru_RU and local time: 17!
10-11-2018 17:23:40 INFO  Greetings:54 - Validating locale is started..
10-11-2018 17:23:40 INFO  Greetings:38 - Loading message for morning greeting!
10-11-2018 17:23:40 INFO  UserData:27 - Created app.UserData instance with locale:ru_RU and local time: 17!
10-11-2018 17:23:40 INFO  UserData:27 - Created app.UserData instance with locale:ru_RU and local time: 17!
10-11-2018 17:23:40 INFO  Greetings:54 - Validating locale is started..
10-11-2018 17:23:40 INFO  Greetings:44 - Loading message for evening greeting!
10-11-2018 17:23:40 INFO  UserData:27 - Created app.UserData instance with locale:ru_RU and local time: 17!
10-11-2018 17:23:40 INFO  Greetings:54 - Validating locale is started..
10-11-2018 17:23:40 INFO  Greetings:41 - Loading message for day greeting!
10-11-2018 17:23:40 INFO  UserData:27 - Created app.UserData instance with locale:ru_RU and local time: 17!
10-11-2018 17:23:40 INFO  Greetings:54 - Validating locale is started..
10-11-2018 17:23:40 INFO  UserData:27 - Created app.UserData instance with locale:ru_RU and local time: 17!
10-11-2018 17:23:40 INFO  Greetings:54 - Validating locale is started..
10-11-2018 17:23:46 INFO  UserData:27 - Created app.UserData instance with locale:ru_RU and local time: 17!
10-11-2018 17:23:46 INFO  UserData:27 - Created app.UserData instance with locale:ru_RU and local time: 17!
10-11-2018 17:23:46 INFO  UserData:27 - Created app.UserData instance with locale:ru_RU and local time: 17!
